<?xml version="1.0" encoding="UTF-8"?>
<!-- Generated by org.testng.reporters.JUnitXMLReporter -->
<testsuite hostname="Abdou-PC" ignored="0" name="Test" tests="14" failures="2" timestamp="27 Dec 2020 14:03:54 GMT" time="208.753" errors="0">
  <testcase name="testSentEmail" time="1.95" classname="sentEmail.SentEmailTest"/>
  <testcase name="testWaitExmaple2" time="6.433" classname="wait.Example2LoadingTest"/>
  <testcase name="testStatusCodes" time="0.933" classname="status.StatusCodeTest"/>
  <testcase name="testStatusCodes" time="1.03" classname="status.StatusCodeTest"/>
  <testcase name="testStatusCodes" time="1.13" classname="status.StatusCodeTest"/>
  <testcase name="testStatusCodes" time="1.074" classname="status.StatusCodeTest"/>
  <testcase name="testStatusCodes" time="30.605" classname="status.StatusCodeTest">
    <failure type="org.openqa.selenium.NoSuchElementException" message="no such element: Unable to locate element: {&amp;quot;method&amp;quot;:&amp;quot;link text&amp;quot;,&amp;quot;selector&amp;quot;:&amp;quot;521&amp;quot;}
  (Session info: chrome=87.0.4280.88)
For documentation on this error, please visit: http://seleniumhq.org/exceptions/no_such_element.html
Build info: version: &amp;apos;3.6.0&amp;apos;, revision: &amp;apos;6fbf3ec767&amp;apos;, time: &amp;apos;2017-09-27T15:28:36.4Z&amp;apos;
System info: host: &amp;apos;ABDOU-PC&amp;apos;, ip: &amp;apos;169.254.158.117&amp;apos;, os.name: &amp;apos;Windows 7&amp;apos;, os.arch: &amp;apos;amd64&amp;apos;, os.version: &amp;apos;6.1&amp;apos;, java.version: &amp;apos;1.8.0_131&amp;apos;
Driver info: org.openqa.selenium.chrome.ChromeDriver
Capabilities [{networkConnectionEnabled=false, chrome={chromedriverVersion=87.0.4280.88 (89e2380a3e36c3464b5dd1302349b1382549290d-refs/branch-heads/4280@{#1761}), userDataDir=C:\Users\Abdou\AppData\Local\Temp\scoped_dir7008_69679109}, timeouts={implicit=0, pageLoad=300000, script=30000}, pageLoadStrategy=normal, unhandledPromptBehavior=dismiss and notify, strictFileInteractability=false, platform=WINDOWS, proxy=Proxy(), goog:chromeOptions={debuggerAddress=localhost:63493}, acceptInsecureCerts=false, browserVersion=87.0.4280.88, browserName=chrome, javascriptEnabled=true, platformName=WINDOWS, setWindowRect=true, webauthn:virtualAuthenticators=true}]
Session ID: 063599e03b27f72de6c0d9b6a4957e05
*** Element info: {Using=link text, value=521}">
      <![CDATA[org.openqa.selenium.NoSuchElementException: no such element: Unable to locate element: {"method":"link text","selector":"521"}
  (Session info: chrome=87.0.4280.88)
For documentation on this error, please visit: http://seleniumhq.org/exceptions/no_such_element.html
Build info: version: '3.6.0', revision: '6fbf3ec767', time: '2017-09-27T15:28:36.4Z'
System info: host: 'ABDOU-PC', ip: '169.254.158.117', os.name: 'Windows 7', os.arch: 'amd64', os.version: '6.1', java.version: '1.8.0_131'
Driver info: org.openqa.selenium.chrome.ChromeDriver
Capabilities [{networkConnectionEnabled=false, chrome={chromedriverVersion=87.0.4280.88 (89e2380a3e36c3464b5dd1302349b1382549290d-refs/branch-heads/4280@{#1761}), userDataDir=C:\Users\Abdou\AppData\Local\Temp\scoped_dir7008_69679109}, timeouts={implicit=0, pageLoad=300000, script=30000}, pageLoadStrategy=normal, unhandledPromptBehavior=dismiss and notify, strictFileInteractability=false, platform=WINDOWS, proxy=Proxy(), goog:chromeOptions={debuggerAddress=localhost:63493}, acceptInsecureCerts=false, browserVersion=87.0.4280.88, browserName=chrome, javascriptEnabled=true, platformName=WINDOWS, setWindowRect=true, webauthn:virtualAuthenticators=true}]
Session ID: 063599e03b27f72de6c0d9b6a4957e05
*** Element info: {Using=link text, value=521}
at org.openqa.selenium.remote.http.W3CHttpResponseCodec.createException(W3CHttpResponseCodec.java:185)
at org.openqa.selenium.remote.http.W3CHttpResponseCodec.decode(W3CHttpResponseCodec.java:120)
at org.openqa.selenium.remote.http.W3CHttpResponseCodec.decode(W3CHttpResponseCodec.java:49)
at org.openqa.selenium.remote.HttpCommandExecutor.execute(HttpCommandExecutor.java:164)
at org.openqa.selenium.remote.service.DriverCommandExecutor.execute(DriverCommandExecutor.java:83)
at org.openqa.selenium.remote.RemoteWebDriver.execute(RemoteWebDriver.java:586)
at org.openqa.selenium.remote.RemoteWebDriver.findElement(RemoteWebDriver.java:356)
at org.openqa.selenium.remote.RemoteWebDriver.findElementByLinkText(RemoteWebDriver.java:410)
at org.openqa.selenium.By$ByLinkText.findElement(By.java:246)
at org.openqa.selenium.remote.RemoteWebDriver.findElement(RemoteWebDriver.java:348)
at pages.StatusCodesPage.clickLinkCode(StatusCodesPage.java:19)
at pages.StatusCodesPage.clickStatusCode(StatusCodesPage.java:14)
at status.StatusCodeTest.testStatusCodes(StatusCodeTest.java:16)
... Removed 29 stack frames]]>
    </failure>
  </testcase> <!-- testStatusCodes -->
  <testcase name="testWaitExmaple1" time="6.429" classname="wait.Example1LoadingTest"/>
  <testcase name="testSuccessfulLogin" time="2.234" classname="login.LoginTest"/>
  <testcase name="testSuccessfulLogin" time="1.773" classname="login.LoginTest">
    <failure type="java.lang.AssertionError" message="text is not correct expected [true] but found [false]">
      <![CDATA[java.lang.AssertionError: text is not correct expected [true] but found [false]
at login.LoginTest.testSuccessfulLogin(LoginTest.java:20)
... Removed 28 stack frames]]>
    </failure>
  </testcase> <!-- testSuccessfulLogin -->
  <testcase name="testGeolocation" time="1.871" classname="geolocation.GeolocationTest"/>
  <testcase name="testAcceptAlert" time="1.031" classname="alert.AlertTest"/>
  <testcase name="testGetTextFromAlert" time="0.656" classname="alert.AlertTest"/>
  <testcase name="testSetInputInAlert" time="0.741" classname="alert.AlertTest"/>
</testsuite> <!-- Test -->
