<!DOCTYPE html PUBLIC "-//W3C//DTD XHTML 1.1//EN" "http://www.w3.org/TR/xhtml11/DTD/xhtml11.dtd">
<html xmlns="http://www.w3.org/1999/xhtml">
<head>
<meta http-equiv="content-type" content="text/html; charset=UTF-8"/>
<title>TestNG Report</title>
<style type="text/css">table {margin-bottom:10px;border-collapse:collapse;empty-cells:show}th,td {border:1px solid #009;padding:.25em .5em}th {vertical-align:bottom}td {vertical-align:top}table a {font-weight:bold}.stripe td {background-color: #E6EBF9}.num {text-align:right}.passedodd td {background-color: #3F3}.passedeven td {background-color: #0A0}.skippedodd td {background-color: #DDD}.skippedeven td {background-color: #CCC}.failedodd td,.attn {background-color: #F33}.failedeven td,.stripe .attn {background-color: #D00}.stacktrace {white-space:pre;font-family:monospace}.totop {font-size:85%;text-align:center;border-bottom:2px solid #000}.invisible {display:none}</style>
</head>
<body>
<table>
<tr><th>Test</th><th># Passed</th><th># Skipped</th><th># Failed</th><th>Time (ms)</th><th>Included Groups</th><th>Excluded Groups</th></tr>
<tr><th colspan="7">Suite</th></tr>
<tr><td><a href="#t0">Test</a></td><td class="num">12</td><td class="num">0</td><td class="num attn">2</td><td class="num">208,753</td><td></td><td></td></tr>
</table>
<table id='summary'><thead><tr><th>Class</th><th>Method</th><th>Start</th><th>Time (ms)</th></tr></thead><tbody><tr><th colspan="4">Suite</th></tr></tbody><tbody id="t0"><tr><th colspan="4">Test &#8212; failed</th></tr><tr class="failedeven"><td rowspan="1">login.LoginTest</td><td><a href="#m0">testSuccessfulLogin</a></td><td rowspan="1">1609077782190</td><td rowspan="1">1773</td></tr><tr class="failedodd"><td rowspan="1">status.StatusCodeTest</td><td><a href="#m1">testStatusCodes</a></td><td rowspan="1">1609077713701</td><td rowspan="1">30605</td></tr><tr><th colspan="4">Test &#8212; passed</th></tr><tr class="passedeven"><td rowspan="3">alert.AlertTest</td><td><a href="#m2">testAcceptAlert</a></td><td rowspan="1">1609077807009</td><td rowspan="1">1031</td></tr><tr class="passedeven"><td><a href="#m3">testGetTextFromAlert</a></td><td rowspan="1">1609077818493</td><td rowspan="1">656</td></tr><tr class="passedeven"><td><a href="#m4">testSetInputInAlert</a></td><td rowspan="1">1609077833110</td><td rowspan="1">741</td></tr><tr class="passedodd"><td rowspan="1">geolocation.GeolocationTest</td><td><a href="#m5">testGeolocation</a></td><td rowspan="1">1609077796733</td><td rowspan="1">1871</td></tr><tr class="passedeven"><td rowspan="1">login.LoginTest</td><td><a href="#m6">testSuccessfulLogin</a></td><td rowspan="1">1609077773350</td><td rowspan="1">2234</td></tr><tr class="passedodd"><td rowspan="1">sentEmail.SentEmailTest</td><td><a href="#m7">testSentEmail</a></td><td rowspan="1">1609077633374</td><td rowspan="1">1950</td></tr><tr class="passedeven"><td rowspan="4">status.StatusCodeTest</td><td><a href="#m8">testStatusCodes</a></td><td rowspan="4">1609077656818</td><td rowspan="4">933</td></tr><tr class="passedeven"><td><a href="#m9">testStatusCodes</a></td></tr><tr class="passedeven"><td><a href="#m10">testStatusCodes</a></td></tr><tr class="passedeven"><td><a href="#m11">testStatusCodes</a></td></tr><tr class="passedodd"><td rowspan="1">wait.Example1LoadingTest</td><td><a href="#m12">testWaitExmaple1</a></td><td rowspan="1">1609077756099</td><td rowspan="1">6429</td></tr><tr class="passedeven"><td rowspan="1">wait.Example2LoadingTest</td><td><a href="#m13">testWaitExmaple2</a></td><td rowspan="1">1609077643411</td><td rowspan="1">6433</td></tr></tbody>
</table>
<h2>Test</h2><h3 id="m0">login.LoginTest#testSuccessfulLogin</h3><table class="result"><tr class="param"><th>Parameter #1</th><th>Parameter #2</th></tr><tr class="param stripe"><td>kimsmith</td><td>SuperSecretPassword</td></tr><tr><th colspan="2">Exception</th></tr><tr><td colspan="2"><div class="stacktrace">java.lang.AssertionError: text is not correct expected [true] but found [false]
	at login.LoginTest.testSuccessfulLogin(LoginTest.java:20)
... Removed 28 stack frames</div></td></tr></table><p class="totop"><a href="#summary">back to summary</a></p>
<h3 id="m1">status.StatusCodeTest#testStatusCodes</h3><table class="result"><tr class="param"><th>Parameter #1</th></tr><tr class="param stripe"><td>521</td></tr><tr><th>Exception</th></tr><tr><td><div class="stacktrace">org.openqa.selenium.NoSuchElementException: no such element: Unable to locate element: {&quot;method&quot;:&quot;link text&quot;,&quot;selector&quot;:&quot;521&quot;}
  (Session info: chrome=87.0.4280.88)
For documentation on this error, please visit: http://seleniumhq.org/exceptions/no_such_element.html
Build info: version: &apos;3.6.0&apos;, revision: &apos;6fbf3ec767&apos;, time: &apos;2017-09-27T15:28:36.4Z&apos;
System info: host: &apos;ABDOU-PC&apos;, ip: &apos;169.254.158.117&apos;, os.name: &apos;Windows 7&apos;, os.arch: &apos;amd64&apos;, os.version: &apos;6.1&apos;, java.version: &apos;1.8.0_131&apos;
Driver info: org.openqa.selenium.chrome.ChromeDriver
Capabilities [{networkConnectionEnabled=false, chrome={chromedriverVersion=87.0.4280.88 (89e2380a3e36c3464b5dd1302349b1382549290d-refs/branch-heads/4280@{#1761}), userDataDir=C:\Users\Abdou\AppData\Local\Temp\scoped_dir7008_69679109}, timeouts={implicit=0, pageLoad=300000, script=30000}, pageLoadStrategy=normal, unhandledPromptBehavior=dismiss and notify, strictFileInteractability=false, platform=WINDOWS, proxy=Proxy(), goog:chromeOptions={debuggerAddress=localhost:63493}, acceptInsecureCerts=false, browserVersion=87.0.4280.88, browserName=chrome, javascriptEnabled=true, platformName=WINDOWS, setWindowRect=true, webauthn:virtualAuthenticators=true}]
Session ID: 063599e03b27f72de6c0d9b6a4957e05
*** Element info: {Using=link text, value=521}
	at org.openqa.selenium.remote.http.W3CHttpResponseCodec.createException(W3CHttpResponseCodec.java:185)
	at org.openqa.selenium.remote.http.W3CHttpResponseCodec.decode(W3CHttpResponseCodec.java:120)
	at org.openqa.selenium.remote.http.W3CHttpResponseCodec.decode(W3CHttpResponseCodec.java:49)
	at org.openqa.selenium.remote.HttpCommandExecutor.execute(HttpCommandExecutor.java:164)
	at org.openqa.selenium.remote.service.DriverCommandExecutor.execute(DriverCommandExecutor.java:83)
	at org.openqa.selenium.remote.RemoteWebDriver.execute(RemoteWebDriver.java:586)
	at org.openqa.selenium.remote.RemoteWebDriver.findElement(RemoteWebDriver.java:356)
	at org.openqa.selenium.remote.RemoteWebDriver.findElementByLinkText(RemoteWebDriver.java:410)
	at org.openqa.selenium.By$ByLinkText.findElement(By.java:246)
	at org.openqa.selenium.remote.RemoteWebDriver.findElement(RemoteWebDriver.java:348)
	at pages.StatusCodesPage.clickLinkCode(StatusCodesPage.java:19)
	at pages.StatusCodesPage.clickStatusCode(StatusCodesPage.java:14)
	at status.StatusCodeTest.testStatusCodes(StatusCodeTest.java:16)
... Removed 29 stack frames</div></td></tr></table><p class="totop"><a href="#summary">back to summary</a></p>
<h3 id="m2">alert.AlertTest#testAcceptAlert</h3><table class="result"><tr><th class="invisible"/></tr></table><p class="totop"><a href="#summary">back to summary</a></p>
<h3 id="m3">alert.AlertTest#testGetTextFromAlert</h3><table class="result"><tr><th class="invisible"/></tr></table><p class="totop"><a href="#summary">back to summary</a></p>
<h3 id="m4">alert.AlertTest#testSetInputInAlert</h3><table class="result"><tr><th class="invisible"/></tr></table><p class="totop"><a href="#summary">back to summary</a></p>
<h3 id="m5">geolocation.GeolocationTest#testGeolocation</h3><table class="result"><tr><th class="invisible"/></tr></table><p class="totop"><a href="#summary">back to summary</a></p>
<h3 id="m6">login.LoginTest#testSuccessfulLogin</h3><table class="result"><tr class="param"><th>Parameter #1</th><th>Parameter #2</th></tr><tr class="param stripe"><td>tomsmith</td><td>SuperSecretPassword!</td></tr></table><p class="totop"><a href="#summary">back to summary</a></p>
<h3 id="m7">sentEmail.SentEmailTest#testSentEmail</h3><table class="result"><tr><th class="invisible"/></tr></table><p class="totop"><a href="#summary">back to summary</a></p>
<h3 id="m8">status.StatusCodeTest#testStatusCodes</h3><table class="result"><tr class="param"><th>Parameter #1</th></tr><tr class="param stripe"><td>200</td></tr></table><p class="totop"><a href="#summary">back to summary</a></p>
<h3 id="m9">status.StatusCodeTest#testStatusCodes</h3><table class="result"><tr class="param"><th>Parameter #1</th></tr><tr class="param stripe"><td>404</td></tr></table><p class="totop"><a href="#summary">back to summary</a></p>
<h3 id="m10">status.StatusCodeTest#testStatusCodes</h3><table class="result"><tr class="param"><th>Parameter #1</th></tr><tr class="param stripe"><td>500</td></tr></table><p class="totop"><a href="#summary">back to summary</a></p>
<h3 id="m11">status.StatusCodeTest#testStatusCodes</h3><table class="result"><tr class="param"><th>Parameter #1</th></tr><tr class="param stripe"><td>301</td></tr></table><p class="totop"><a href="#summary">back to summary</a></p>
<h3 id="m12">wait.Example1LoadingTest#testWaitExmaple1</h3><table class="result"><tr><th class="invisible"/></tr></table><p class="totop"><a href="#summary">back to summary</a></p>
<h3 id="m13">wait.Example2LoadingTest#testWaitExmaple2</h3><table class="result"><tr><th class="invisible"/></tr></table><p class="totop"><a href="#summary">back to summary</a></p>
</body>
</html>
